  File.cpp
C:\cplusworkspace\class\class\File.cpp(4,1): error C2628: 'circle' 다음에 'int'이(가) 올 수 없습니다. ';'이 있어야 합니다.
C:\cplusworkspace\class\class\File.cpp(4,5): error C3874: 'main'의 반환 형식이 'int'이어야 하는데 'circle'입니다.
C:\cplusworkspace\class\class\File.cpp(9,2): error C2440: 'return': 'int'에서 'circle'(으)로 변환할 수 없습니다.
      C:\cplusworkspace\class\class\File.cpp(9,2):
      'circle::circle': 모든 인수 형식을 변환할 수 있는 오버로드된 함수가 없습니다.
          C:\cplusworkspace\class\class\FileName.h(13,1):
          'circle::circle(circle &&)'일 수 있습니다.
              C:\cplusworkspace\class\class\File.cpp(9,2):
              'circle::circle(circle &&)': 인수 1을(를) 'int'에서 'circle &&'(으)로 변환할 수 없습니다.
                  C:\cplusworkspace\class\class\File.cpp(9,9):
                  원인: 'int'에서 'circle'(으)로 변환할 수 없습니다.
                  C:\cplusworkspace\class\class\File.cpp(9,9):
                  변환하려면 둘째 사용자 정의 변환 연산자 또는 생성자가 있어야 합니다.
          C:\cplusworkspace\class\class\FileName.h(13,1):
          또는       'circle::circle(const circle &)'
              C:\cplusworkspace\class\class\File.cpp(9,2):
              'circle::circle(const circle &)': 인수 1을(를) 'int'에서 'const circle &'(으)로 변환할 수 없습니다.
                  C:\cplusworkspace\class\class\File.cpp(9,9):
                  원인: 'int'에서 'const circle'(으)로 변환할 수 없습니다.
                  C:\cplusworkspace\class\class\File.cpp(9,9):
                  변환하려면 둘째 사용자 정의 변환 연산자 또는 생성자가 있어야 합니다.
          C:\cplusworkspace\class\class\File.cpp(9,2):
          인수 목록 '(int)'을(를) 일치시키는 동안
  
  소스.cpp
C:\cplusworkspace\class\class\소스.cpp(3,1): error C2059: 구문 오류: 'using namespace'
C:\cplusworkspace\class\class\소스.cpp(13,2): error C2065: 'cout': 선언되지 않은 식별자입니다.
C:\cplusworkspace\class\class\소스.cpp(13,74): error C2065: 'endl': 선언되지 않은 식별자입니다.
  코드를 생성하고 있습니다...
